<?xml version="1.0" encoding="UTF-8"?>
<testng-results skipped="0" failed="2" ignored="0" total="5" passed="3">
  <reporter-output>
  </reporter-output>
  <suite name="Default suite" duration-ms="26589" started-at="2021-01-22T15:02:38Z" finished-at="2021-01-22T15:03:05Z">
    <groups>
    </groups>
    <test name="Default test" duration-ms="26589" started-at="2021-01-22T15:02:38Z" finished-at="2021-01-22T15:03:05Z">
      <class name="com.TestCases.LoginPageTest">
        <test-method status="PASS" signature="extentReports()[pri:0, instance:com.TestCases.LoginPageTest@3abbfa04]" name="extentReports" is-config="true" duration-ms="180" started-at="2021-01-22T15:02:38Z" finished-at="2021-01-22T15:02:38Z">
          <reporter-output>
          </reporter-output>
        </test-method> <!-- extentReports -->
        <test-method status="PASS" signature="setup()[pri:0, instance:com.TestCases.LoginPageTest@3abbfa04]" name="setup" is-config="true" duration-ms="6888" started-at="2021-01-22T15:02:38Z" finished-at="2021-01-22T15:02:45Z">
          <reporter-output>
          </reporter-output>
        </test-method> <!-- setup -->
        <test-method status="PASS" signature="loginPageLogoTest()[pri:1, instance:com.TestCases.LoginPageTest@3abbfa04]" name="loginPageLogoTest" duration-ms="170" started-at="2021-01-22T15:02:45Z" finished-at="2021-01-22T15:02:45Z">
          <reporter-output>
          </reporter-output>
        </test-method> <!-- loginPageLogoTest -->
        <test-method status="PASS" signature="getResult(org.testng.ITestResult)[pri:0, instance:com.TestCases.LoginPageTest@3abbfa04]" name="getResult" is-config="true" duration-ms="8" started-at="2021-01-22T15:02:45Z" finished-at="2021-01-22T15:02:45Z">
          <params>
            <param index="0">
              <value>
                <![CDATA[[TestResult name=loginPageLogoTest status=SUCCESS method=LoginPageTest.loginPageLogoTest()[pri:1, instance:com.TestCases.LoginPageTest@3abbfa04] output={null}]]]>
              </value>
            </param>
          </params>
          <reporter-output>
          </reporter-output>
        </test-method> <!-- getResult -->
        <test-method status="PASS" signature="loginPagevalidtest()[pri:2, instance:com.TestCases.LoginPageTest@3abbfa04]" name="loginPagevalidtest" duration-ms="19" started-at="2021-01-22T15:02:45Z" finished-at="2021-01-22T15:02:46Z">
          <reporter-output>
          </reporter-output>
        </test-method> <!-- loginPagevalidtest -->
        <test-method status="PASS" signature="getResult(org.testng.ITestResult)[pri:0, instance:com.TestCases.LoginPageTest@3abbfa04]" name="getResult" is-config="true" duration-ms="3" started-at="2021-01-22T15:02:46Z" finished-at="2021-01-22T15:02:46Z">
          <params>
            <param index="0">
              <value>
                <![CDATA[[TestResult name=loginPagevalidtest status=SUCCESS method=LoginPageTest.loginPagevalidtest()[pri:2, instance:com.TestCases.LoginPageTest@3abbfa04] output={null}]]]>
              </value>
            </param>
          </params>
          <reporter-output>
          </reporter-output>
        </test-method> <!-- getResult -->
        <test-method status="FAIL" signature="logintest(java.lang.String, java.lang.String)[pri:3, instance:com.TestCases.LoginPageTest@3abbfa04]" name="logintest" duration-ms="4728" started-at="2021-01-22T15:02:46Z" data-provider="getDATA" finished-at="2021-01-22T15:02:51Z">
          <params>
            <param index="0">
              <value>
                <![CDATA[admin]]>
              </value>
            </param>
            <param index="1">
              <value>
                <![CDATA[admin@123]]>
              </value>
            </param>
          </params>
          <exception class="java.io.IOException">
            <message>
              <![CDATA[The filename, directory name, or volume label syntax is incorrect]]>
            </message>
            <full-stacktrace>
              <![CDATA[java.io.IOException: The filename, directory name, or volume label syntax is incorrect
at java.io.WinNTFileSystem.canonicalize0(Native Method)
at java.io.WinNTFileSystem.canonicalize(Unknown Source)
at java.io.File.getCanonicalPath(Unknown Source)
at org.apache.commons.io.FileUtils.copyFile(FileUtils.java:1064)
at org.apache.commons.io.FileUtils.copyFile(FileUtils.java:1028)
at com.TestCases.LoginPageTest.logintest(LoginPageTest.java:78)
at sun.reflect.NativeMethodAccessorImpl.invoke0(Native Method)
at sun.reflect.NativeMethodAccessorImpl.invoke(Unknown Source)
at sun.reflect.DelegatingMethodAccessorImpl.invoke(Unknown Source)
at java.lang.reflect.Method.invoke(Unknown Source)
at org.testng.internal.MethodInvocationHelper.invokeMethod(MethodInvocationHelper.java:124)
at org.testng.internal.Invoker.invokeMethod(Invoker.java:583)
at org.testng.internal.Invoker.invokeTestMethod(Invoker.java:719)
at org.testng.internal.Invoker.invokeTestMethods(Invoker.java:989)
at org.testng.internal.TestMethodWorker.invokeTestMethods(TestMethodWorker.java:125)
at org.testng.internal.TestMethodWorker.run(TestMethodWorker.java:109)
at org.testng.TestRunner.privateRun(TestRunner.java:648)
at org.testng.TestRunner.run(TestRunner.java:505)
at org.testng.SuiteRunner.runTest(SuiteRunner.java:455)
at org.testng.SuiteRunner.runSequentially(SuiteRunner.java:450)
at org.testng.SuiteRunner.privateRun(SuiteRunner.java:415)
at org.testng.SuiteRunner.run(SuiteRunner.java:364)
at org.testng.SuiteRunnerWorker.runSuite(SuiteRunnerWorker.java:52)
at org.testng.SuiteRunnerWorker.run(SuiteRunnerWorker.java:84)
at org.testng.TestNG.runSuitesSequentially(TestNG.java:1208)
at org.testng.TestNG.runSuitesLocally(TestNG.java:1137)
at org.testng.TestNG.runSuites(TestNG.java:1049)
at org.testng.TestNG.run(TestNG.java:1017)
at org.testng.remote.AbstractRemoteTestNG.run(AbstractRemoteTestNG.java:114)
at org.testng.remote.RemoteTestNG.initAndRun(RemoteTestNG.java:251)
at org.testng.remote.RemoteTestNG.main(RemoteTestNG.java:77)
]]>
            </full-stacktrace>
          </exception> <!-- java.io.IOException -->
          <reporter-output>
          </reporter-output>
        </test-method> <!-- logintest -->
        <test-method status="PASS" signature="getResult(org.testng.ITestResult)[pri:0, instance:com.TestCases.LoginPageTest@3abbfa04]" name="getResult" is-config="true" duration-ms="1" started-at="2021-01-22T15:02:51Z" finished-at="2021-01-22T15:02:51Z">
          <params>
            <param index="0">
              <value>
                <![CDATA[[TestResult name=logintest status=FAILURE method=LoginPageTest.logintest(java.lang.String, java.lang.String)[pri:3, instance:com.TestCases.LoginPageTest@3abbfa04] output={null}]]]>
              </value>
            </param>
          </params>
          <reporter-output>
          </reporter-output>
        </test-method> <!-- getResult -->
        <test-method status="PASS" signature="logintest(java.lang.String, java.lang.String)[pri:3, instance:com.TestCases.LoginPageTest@3abbfa04]" name="logintest" duration-ms="7220" started-at="2021-01-22T15:02:51Z" data-provider="getDATA" finished-at="2021-01-22T15:02:58Z">
          <params>
            <param index="0">
              <value>
                <![CDATA[mahesh]]>
              </value>
            </param>
            <param index="1">
              <value>
                <![CDATA[mahesh_01]]>
              </value>
            </param>
          </params>
          <reporter-output>
          </reporter-output>
        </test-method> <!-- logintest -->
        <test-method status="PASS" signature="getResult(org.testng.ITestResult)[pri:0, instance:com.TestCases.LoginPageTest@3abbfa04]" name="getResult" is-config="true" duration-ms="1" started-at="2021-01-22T15:02:58Z" finished-at="2021-01-22T15:02:58Z">
          <params>
            <param index="0">
              <value>
                <![CDATA[[TestResult name=logintest status=SUCCESS method=LoginPageTest.logintest(java.lang.String, java.lang.String)[pri:3, instance:com.TestCases.LoginPageTest@3abbfa04] output={null}]]]>
              </value>
            </param>
          </params>
          <reporter-output>
          </reporter-output>
        </test-method> <!-- getResult -->
        <test-method status="FAIL" signature="logintest(java.lang.String, java.lang.String)[pri:3, instance:com.TestCases.LoginPageTest@3abbfa04]" name="logintest" duration-ms="4625" started-at="2021-01-22T15:02:58Z" data-provider="getDATA" finished-at="2021-01-22T15:03:03Z">
          <params>
            <param index="0">
              <value>
                <![CDATA[abcd]]>
              </value>
            </param>
            <param index="1">
              <value>
                <![CDATA[abcdef]]>
              </value>
            </param>
          </params>
          <exception class="java.io.IOException">
            <message>
              <![CDATA[The filename, directory name, or volume label syntax is incorrect]]>
            </message>
            <full-stacktrace>
              <![CDATA[java.io.IOException: The filename, directory name, or volume label syntax is incorrect
at java.io.WinNTFileSystem.canonicalize0(Native Method)
at java.io.WinNTFileSystem.canonicalize(Unknown Source)
at java.io.File.getCanonicalPath(Unknown Source)
at org.apache.commons.io.FileUtils.copyFile(FileUtils.java:1064)
at org.apache.commons.io.FileUtils.copyFile(FileUtils.java:1028)
at com.TestCases.LoginPageTest.logintest(LoginPageTest.java:78)
at sun.reflect.NativeMethodAccessorImpl.invoke0(Native Method)
at sun.reflect.NativeMethodAccessorImpl.invoke(Unknown Source)
at sun.reflect.DelegatingMethodAccessorImpl.invoke(Unknown Source)
at java.lang.reflect.Method.invoke(Unknown Source)
at org.testng.internal.MethodInvocationHelper.invokeMethod(MethodInvocationHelper.java:124)
at org.testng.internal.Invoker.invokeMethod(Invoker.java:583)
at org.testng.internal.Invoker.invokeTestMethod(Invoker.java:719)
at org.testng.internal.Invoker.invokeTestMethods(Invoker.java:989)
at org.testng.internal.TestMethodWorker.invokeTestMethods(TestMethodWorker.java:125)
at org.testng.internal.TestMethodWorker.run(TestMethodWorker.java:109)
at org.testng.TestRunner.privateRun(TestRunner.java:648)
at org.testng.TestRunner.run(TestRunner.java:505)
at org.testng.SuiteRunner.runTest(SuiteRunner.java:455)
at org.testng.SuiteRunner.runSequentially(SuiteRunner.java:450)
at org.testng.SuiteRunner.privateRun(SuiteRunner.java:415)
at org.testng.SuiteRunner.run(SuiteRunner.java:364)
at org.testng.SuiteRunnerWorker.runSuite(SuiteRunnerWorker.java:52)
at org.testng.SuiteRunnerWorker.run(SuiteRunnerWorker.java:84)
at org.testng.TestNG.runSuitesSequentially(TestNG.java:1208)
at org.testng.TestNG.runSuitesLocally(TestNG.java:1137)
at org.testng.TestNG.runSuites(TestNG.java:1049)
at org.testng.TestNG.run(TestNG.java:1017)
at org.testng.remote.AbstractRemoteTestNG.run(AbstractRemoteTestNG.java:114)
at org.testng.remote.RemoteTestNG.initAndRun(RemoteTestNG.java:251)
at org.testng.remote.RemoteTestNG.main(RemoteTestNG.java:77)
]]>
            </full-stacktrace>
          </exception> <!-- java.io.IOException -->
          <reporter-output>
          </reporter-output>
        </test-method> <!-- logintest -->
        <test-method status="PASS" signature="getResult(org.testng.ITestResult)[pri:0, instance:com.TestCases.LoginPageTest@3abbfa04]" name="getResult" is-config="true" duration-ms="1" started-at="2021-01-22T15:03:03Z" finished-at="2021-01-22T15:03:03Z">
          <params>
            <param index="0">
              <value>
                <![CDATA[[TestResult name=logintest status=FAILURE method=LoginPageTest.logintest(java.lang.String, java.lang.String)[pri:3, instance:com.TestCases.LoginPageTest@3abbfa04] output={null}]]]>
              </value>
            </param>
          </params>
          <reporter-output>
          </reporter-output>
        </test-method> <!-- getResult -->
        <test-method status="PASS" signature="tearDown()[pri:0, instance:com.TestCases.LoginPageTest@3abbfa04]" name="tearDown" is-config="true" duration-ms="2035" started-at="2021-01-22T15:03:03Z" finished-at="2021-01-22T15:03:05Z">
          <reporter-output>
          </reporter-output>
        </test-method> <!-- tearDown -->
      </class> <!-- com.TestCases.LoginPageTest -->
    </test> <!-- Default test -->
  </suite> <!-- Default suite -->
</testng-results>
